2026-02-01 17:23:03,966 | INFO | trading_bot | Placing order: {'symbol': 'BTCUSDT', 'side': 'BUY', 'type': 'MARKET', 'quantity': 0.001}
2026-02-01 17:23:05,865 | ERROR | trading_bot | API error
Traceback (most recent call last):
  File "C:\Users\chint\AppData\Local\Programs\Python\Python312\Lib\site-packages\requests\models.py", line 971, in json
    return complexjson.loads(self.text, **kwargs)
           ^^^^^^^^^^^^^^^^^^^^^^^^^^^^^^^^^^^^^^
  File "C:\Users\chint\AppData\Local\Programs\Python\Python312\Lib\json\__init__.py", line 346, in loads
    return _default_decoder.decode(s)
           ^^^^^^^^^^^^^^^^^^^^^^^^^^
  File "C:\Users\chint\AppData\Local\Programs\Python\Python312\Lib\json\decoder.py", line 337, in decode
    obj, end = self.raw_decode(s, idx=_w(s, 0).end())
               ^^^^^^^^^^^^^^^^^^^^^^^^^^^^^^^^^^^^^^
  File "C:\Users\chint\AppData\Local\Programs\Python\Python312\Lib\json\decoder.py", line 355, in raw_decode
    raise JSONDecodeError("Expecting value", s, err.value) from None
json.decoder.JSONDecodeError: Expecting value: line 1 column 1 (char 0)

During handling of the above exception, another exception occurred:

Traceback (most recent call last):
  File "C:\Users\chint\AppData\Local\Programs\Python\Python312\Lib\site-packages\binance\client.py", line 370, in _handle_response
    return response.json()
           ^^^^^^^^^^^^^^^
  File "C:\Users\chint\AppData\Local\Programs\Python\Python312\Lib\site-packages\requests\models.py", line 975, in json
    raise RequestsJSONDecodeError(e.msg, e.doc, e.pos)
requests.exceptions.JSONDecodeError: Expecting value: line 1 column 1 (char 0)

During handling of the above exception, another exception occurred:

Traceback (most recent call last):
  File "D:\trading_bot\bot\client.py", line 20, in place_order
    response = self.client.futures_create_order(**kwargs)
               ^^^^^^^^^^^^^^^^^^^^^^^^^^^^^^^^^^^^^^^^^^
  File "C:\Users\chint\AppData\Local\Programs\Python\Python312\Lib\site-packages\binance\client.py", line 6504, in futures_create_order
    return self._request_futures_api('post', 'order', True, data=params)
           ^^^^^^^^^^^^^^^^^^^^^^^^^^^^^^^^^^^^^^^^^^^^^^^^^^^^^^^^^^^^^
  File "C:\Users\chint\AppData\Local\Programs\Python\Python312\Lib\site-packages\binance\client.py", line 383, in _request_futures_api
    return self._request(method, uri, signed, True, **kwargs)
           ^^^^^^^^^^^^^^^^^^^^^^^^^^^^^^^^^^^^^^^^^^^^^^^^^^
  File "C:\Users\chint\AppData\Local\Programs\Python\Python312\Lib\site-packages\binance\client.py", line 359, in _request
    return self._handle_response(self.response)
           ^^^^^^^^^^^^^^^^^^^^^^^^^^^^^^^^^^^^
  File "C:\Users\chint\AppData\Local\Programs\Python\Python312\Lib\site-packages\binance\client.py", line 372, in _handle_response
    raise BinanceRequestException('Invalid Response: %s' % response.text)
binance.exceptions.BinanceRequestException: BinanceRequestException: Invalid Response: 
2026-02-01 17:23:51,481 | INFO | trading_bot | Placing order: {'symbol': 'BTCUSDT', 'side': 'SELL', 'type': 'LIMIT', 'quantity': 0.001, 'price': 70000.0, 'timeInForce': 'GTC'}
2026-02-01 17:23:52,538 | ERROR | trading_bot | API error
Traceback (most recent call last):
  File "C:\Users\chint\AppData\Local\Programs\Python\Python312\Lib\site-packages\requests\models.py", line 971, in json
    return complexjson.loads(self.text, **kwargs)
           ^^^^^^^^^^^^^^^^^^^^^^^^^^^^^^^^^^^^^^
  File "C:\Users\chint\AppData\Local\Programs\Python\Python312\Lib\json\__init__.py", line 346, in loads
    return _default_decoder.decode(s)
           ^^^^^^^^^^^^^^^^^^^^^^^^^^
  File "C:\Users\chint\AppData\Local\Programs\Python\Python312\Lib\json\decoder.py", line 337, in decode
    obj, end = self.raw_decode(s, idx=_w(s, 0).end())
               ^^^^^^^^^^^^^^^^^^^^^^^^^^^^^^^^^^^^^^
  File "C:\Users\chint\AppData\Local\Programs\Python\Python312\Lib\json\decoder.py", line 355, in raw_decode
    raise JSONDecodeError("Expecting value", s, err.value) from None
json.decoder.JSONDecodeError: Expecting value: line 1 column 1 (char 0)

During handling of the above exception, another exception occurred:

Traceback (most recent call last):
  File "C:\Users\chint\AppData\Local\Programs\Python\Python312\Lib\site-packages\binance\client.py", line 370, in _handle_response
    return response.json()
           ^^^^^^^^^^^^^^^
  File "C:\Users\chint\AppData\Local\Programs\Python\Python312\Lib\site-packages\requests\models.py", line 975, in json
    raise RequestsJSONDecodeError(e.msg, e.doc, e.pos)
requests.exceptions.JSONDecodeError: Expecting value: line 1 column 1 (char 0)

During handling of the above exception, another exception occurred:

Traceback (most recent call last):
  File "D:\trading_bot\bot\client.py", line 20, in place_order
    response = self.client.futures_create_order(**kwargs)
               ^^^^^^^^^^^^^^^^^^^^^^^^^^^^^^^^^^^^^^^^^^
  File "C:\Users\chint\AppData\Local\Programs\Python\Python312\Lib\site-packages\binance\client.py", line 6504, in futures_create_order
    return self._request_futures_api('post', 'order', True, data=params)
           ^^^^^^^^^^^^^^^^^^^^^^^^^^^^^^^^^^^^^^^^^^^^^^^^^^^^^^^^^^^^^
  File "C:\Users\chint\AppData\Local\Programs\Python\Python312\Lib\site-packages\binance\client.py", line 383, in _request_futures_api
    return self._request(method, uri, signed, True, **kwargs)
           ^^^^^^^^^^^^^^^^^^^^^^^^^^^^^^^^^^^^^^^^^^^^^^^^^^
  File "C:\Users\chint\AppData\Local\Programs\Python\Python312\Lib\site-packages\binance\client.py", line 359, in _request
    return self._handle_response(self.response)
           ^^^^^^^^^^^^^^^^^^^^^^^^^^^^^^^^^^^^
  File "C:\Users\chint\AppData\Local\Programs\Python\Python312\Lib\site-packages\binance\client.py", line 372, in _handle_response
    raise BinanceRequestException('Invalid Response: %s' % response.text)
binance.exceptions.BinanceRequestException: BinanceRequestException: Invalid Response: 
2026-02-01 17:24:28,848 | INFO | trading_bot | Placing order: {'symbol': 'BTCUSDT', 'side': 'SELL', 'type': 'LIMIT', 'quantity': 0.001, 'price': 70000.0, 'timeInForce': 'GTC'}
2026-02-01 17:24:30,631 | ERROR | trading_bot | API error: BinanceRequestException: Invalid Response: 
Traceback (most recent call last):
  File "C:\Users\chint\AppData\Local\Programs\Python\Python312\Lib\site-packages\requests\models.py", line 971, in json
    return complexjson.loads(self.text, **kwargs)
           ^^^^^^^^^^^^^^^^^^^^^^^^^^^^^^^^^^^^^^
  File "C:\Users\chint\AppData\Local\Programs\Python\Python312\Lib\json\__init__.py", line 346, in loads
    return _default_decoder.decode(s)
           ^^^^^^^^^^^^^^^^^^^^^^^^^^
  File "C:\Users\chint\AppData\Local\Programs\Python\Python312\Lib\json\decoder.py", line 337, in decode
    obj, end = self.raw_decode(s, idx=_w(s, 0).end())
               ^^^^^^^^^^^^^^^^^^^^^^^^^^^^^^^^^^^^^^
  File "C:\Users\chint\AppData\Local\Programs\Python\Python312\Lib\json\decoder.py", line 355, in raw_decode
    raise JSONDecodeError("Expecting value", s, err.value) from None
json.decoder.JSONDecodeError: Expecting value: line 1 column 1 (char 0)

During handling of the above exception, another exception occurred:

Traceback (most recent call last):
  File "C:\Users\chint\AppData\Local\Programs\Python\Python312\Lib\site-packages\binance\client.py", line 370, in _handle_response
    return response.json()
           ^^^^^^^^^^^^^^^
  File "C:\Users\chint\AppData\Local\Programs\Python\Python312\Lib\site-packages\requests\models.py", line 975, in json
    raise RequestsJSONDecodeError(e.msg, e.doc, e.pos)
requests.exceptions.JSONDecodeError: Expecting value: line 1 column 1 (char 0)

During handling of the above exception, another exception occurred:

Traceback (most recent call last):
  File "D:\trading_bot\bot\client.py", line 20, in place_order
    response = self.client.futures_create_order(**kwargs)
               ^^^^^^^^^^^^^^^^^^^^^^^^^^^^^^^^^^^^^^^^^^
  File "C:\Users\chint\AppData\Local\Programs\Python\Python312\Lib\site-packages\binance\client.py", line 6504, in futures_create_order
    return self._request_futures_api('post', 'order', True, data=params)
           ^^^^^^^^^^^^^^^^^^^^^^^^^^^^^^^^^^^^^^^^^^^^^^^^^^^^^^^^^^^^^
  File "C:\Users\chint\AppData\Local\Programs\Python\Python312\Lib\site-packages\binance\client.py", line 383, in _request_futures_api
    return self._request(method, uri, signed, True, **kwargs)
           ^^^^^^^^^^^^^^^^^^^^^^^^^^^^^^^^^^^^^^^^^^^^^^^^^^
  File "C:\Users\chint\AppData\Local\Programs\Python\Python312\Lib\site-packages\binance\client.py", line 359, in _request
    return self._handle_response(self.response)
           ^^^^^^^^^^^^^^^^^^^^^^^^^^^^^^^^^^^^
  File "C:\Users\chint\AppData\Local\Programs\Python\Python312\Lib\site-packages\binance\client.py", line 372, in _handle_response
    raise BinanceRequestException('Invalid Response: %s' % response.text)
binance.exceptions.BinanceRequestException: BinanceRequestException: Invalid Response: 
2026-02-01 17:24:50,330 | INFO | trading_bot | Placing order: {'symbol': 'BTCUSDT', 'side': 'SELL', 'type': 'LIMIT', 'quantity': 0.001, 'price': 70000.0, 'timeInForce': 'GTC'}
2026-02-01 17:24:52,057 | ERROR | trading_bot | API error: APIError(code=-4024): Limit price can't be lower than 74759.74.
Traceback (most recent call last):
  File "D:\trading_bot\bot\client.py", line 20, in place_order
    response = self.client.futures_create_order(**kwargs)
               ^^^^^^^^^^^^^^^^^^^^^^^^^^^^^^^^^^^^^^^^^^
  File "C:\Users\chint\AppData\Local\Programs\Python\Python312\Lib\site-packages\binance\client.py", line 6504, in futures_create_order
    return self._request_futures_api('post', 'order', True, data=params)
           ^^^^^^^^^^^^^^^^^^^^^^^^^^^^^^^^^^^^^^^^^^^^^^^^^^^^^^^^^^^^^
  File "C:\Users\chint\AppData\Local\Programs\Python\Python312\Lib\site-packages\binance\client.py", line 383, in _request_futures_api
    return self._request(method, uri, signed, True, **kwargs)
           ^^^^^^^^^^^^^^^^^^^^^^^^^^^^^^^^^^^^^^^^^^^^^^^^^^
  File "C:\Users\chint\AppData\Local\Programs\Python\Python312\Lib\site-packages\binance\client.py", line 359, in _request
    return self._handle_response(self.response)
           ^^^^^^^^^^^^^^^^^^^^^^^^^^^^^^^^^^^^
  File "C:\Users\chint\AppData\Local\Programs\Python\Python312\Lib\site-packages\binance\client.py", line 368, in _handle_response
    raise BinanceAPIException(response, response.status_code, response.text)
binance.exceptions.BinanceAPIException: APIError(code=-4024): Limit price can't be lower than 74759.74.
2026-02-01 17:25:00,501 | INFO | trading_bot | Placing order: {'symbol': 'BTCUSDT', 'side': 'SELL', 'type': 'LIMIT', 'quantity': 0.001, 'price': 75000.0, 'timeInForce': 'GTC'}
2026-02-01 17:25:01,065 | ERROR | trading_bot | API error: APIError(code=-4164): Order's notional must be no smaller than 100 (unless you choose reduce only).
Traceback (most recent call last):
  File "D:\trading_bot\bot\client.py", line 20, in place_order
    response = self.client.futures_create_order(**kwargs)
               ^^^^^^^^^^^^^^^^^^^^^^^^^^^^^^^^^^^^^^^^^^
  File "C:\Users\chint\AppData\Local\Programs\Python\Python312\Lib\site-packages\binance\client.py", line 6504, in futures_create_order
    return self._request_futures_api('post', 'order', True, data=params)
           ^^^^^^^^^^^^^^^^^^^^^^^^^^^^^^^^^^^^^^^^^^^^^^^^^^^^^^^^^^^^^
  File "C:\Users\chint\AppData\Local\Programs\Python\Python312\Lib\site-packages\binance\client.py", line 383, in _request_futures_api
    return self._request(method, uri, signed, True, **kwargs)
           ^^^^^^^^^^^^^^^^^^^^^^^^^^^^^^^^^^^^^^^^^^^^^^^^^^
  File "C:\Users\chint\AppData\Local\Programs\Python\Python312\Lib\site-packages\binance\client.py", line 359, in _request
    return self._handle_response(self.response)
           ^^^^^^^^^^^^^^^^^^^^^^^^^^^^^^^^^^^^
  File "C:\Users\chint\AppData\Local\Programs\Python\Python312\Lib\site-packages\binance\client.py", line 368, in _handle_response
    raise BinanceAPIException(response, response.status_code, response.text)
binance.exceptions.BinanceAPIException: APIError(code=-4164): Order's notional must be no smaller than 100 (unless you choose reduce only).
2026-02-01 17:25:07,972 | INFO | trading_bot | Placing order: {'symbol': 'BTCUSDT', 'side': 'SELL', 'type': 'LIMIT', 'quantity': 0.002, 'price': 75000.0, 'timeInForce': 'GTC'}
2026-02-01 17:25:08,790 | INFO | trading_bot | Order response: {'orderId': 12069047607, 'symbol': 'BTCUSDT', 'status': 'NEW', 'clientOrderId': '50moTI8sOJ45TYpIjHeCU8', 'price': '75000.00', 'avgPrice': '0.00', 'origQty': '0.002', 'executedQty': '0.000', 'cumQty': '0.000', 'cumQuote': '0.00000', 'timeInForce': 'GTC', 'type': 'LIMIT', 'reduceOnly': False, 'closePosition': False, 'side': 'SELL', 'positionSide': 'BOTH', 'stopPrice': '0.00', 'workingType': 'CONTRACT_PRICE', 'priceProtect': False, 'origType': 'LIMIT', 'priceMatch': 'NONE', 'selfTradePreventionMode': 'EXPIRE_MAKER', 'goodTillDate': 0, 'updateTime': 1769946908229}
2026-02-01 17:25:43,715 | INFO | trading_bot | Placing order: {'symbol': 'BTCUSDT', 'side': 'BUY', 'type': 'MARKET', 'quantity': 0.002}
2026-02-01 17:25:45,351 | INFO | trading_bot | Order response: {'orderId': 12069052560, 'symbol': 'BTCUSDT', 'status': 'NEW', 'clientOrderId': 'EEa0EhL6ATbNCtSynsbrJ3', 'price': '0.00', 'avgPrice': '0.00', 'origQty': '0.002', 'executedQty': '0.000', 'cumQty': '0.000', 'cumQuote': '0.00000', 'timeInForce': 'GTC', 'type': 'MARKET', 'reduceOnly': False, 'closePosition': False, 'side': 'BUY', 'positionSide': 'BOTH', 'stopPrice': '0.00', 'workingType': 'CONTRACT_PRICE', 'priceProtect': False, 'origType': 'MARKET', 'priceMatch': 'NONE', 'selfTradePreventionMode': 'EXPIRE_MAKER', 'goodTillDate': 0, 'updateTime': 1769946944683}
